<?xml version="1.0" encoding="utf-8"?><testsuites name="pytest tests"><testsuite name="pytest" errors="0" failures="0" skipped="0" tests="11" time="2.695" timestamp="2026-09-12T06:22:35.866347+00:00" hostname="agent-env-2b653511-8a93-4287-a62a-46314a94a13a"><testcase classname="tests.test_iteration5" name="test_auth_me" time="0.699" /><testcase classname="tests.test_iteration5" name="test_bad_login_401" time="0.338" /><testcase classname="tests.test_iteration5" name="test_shops_count" time="0.102" /><testcase classname="tests.test_iteration5" name="test_analytics_waste_by_type_month" time="0.076" /><testcase classname="tests.test_iteration5" name="test_statement_full_flow" time="0.428" /><testcase classname="tests.test_iteration5" name="test_statement_shop_not_found" time="0.063" /><testcase classname="tests.test_iteration5" name="test_regression_dashboard" time="0.071" /><testcase classname="tests.test_iteration5" name="test_regression_inventory" time="0.070" /><testcase classname="tests.test_iteration5" name="test_regression_reports" time="0.122" /><testcase classname="tests.test_iteration5" name="test_regression_collections" time="0.062" /><testcase classname="tests.test_iteration5" name="test_regression_box_entry_with_brandy" time="0.166" /></testsuite></testsuites>