<?xml version="1.0" encoding="utf-8"?><testsuites name="pytest tests"><testsuite name="pytest" errors="0" failures="0" skipped="0" tests="10" time="2.519" timestamp="2026-09-12T05:50:44.705117+00:00" hostname="agent-env-2b653511-8a93-4287-a62a-46314a94a13a"><testcase classname="tests.test_iteration2.TestPaymentsAndLedger" name="test_partial_then_full_payment" time="1.405" /><testcase classname="tests.test_iteration2.TestReports" name="test_daily" time="0.880" /><testcase classname="tests.test_iteration2.TestReports" name="test_monthly" time="0.066" /><testcase classname="tests.test_iteration2.TestMultiItemInvoice" name="test_two_line_items_totals" time="0.229" /><testcase classname="tests.test_iteration2.TestInventory" name="test_inventory" time="0.065" /><testcase classname="tests.test_iteration2.TestShopImport" name="test_import_csv_updates_supervisor_contact" time="0.226" /><testcase classname="tests.test_iteration2.TestPaymentsAndLedger" name="test_ledger" time="0.363" /><testcase classname="tests.test_iteration2.TestSettingsNewFields" name="test_upi_and_reminder_persist" time="0.281" /><testcase classname="tests.test_iteration2.TestReminders" name="test_run_reminders" time="0.065" /><testcase classname="tests.test_iteration2.TestReminders" name="test_cron_requires_secret" time="0.123" /></testsuite></testsuites>