<?xml version="1.0" encoding="utf-8"?><testsuites name="pytest tests"><testsuite name="pytest" errors="0" failures="2" skipped="0" tests="13" time="2.447" timestamp="2026-09-12T06:01:09.058346+00:00" hostname="agent-env-2b653511-8a93-4287-a62a-46314a94a13a"><testcase classname="tests.test_iteration3.TestOverdueNudge" name="test_run_requires_auth" time="0.532" /><testcase classname="tests.test_iteration3.TestRegression" name="test_reports_daily" time="0.879" /><testcase classname="tests.test_iteration3.TestOverdueNudge" name="test_run_with_auth" time="0.551" /><testcase classname="tests.test_iteration3.TestRegression" name="test_reports_monthly" time="0.126" /><testcase classname="tests.test_iteration3.TestRegression" name="test_inventory" time="0.168" /><testcase classname="tests.test_iteration3.TestOverdueNudge" name="test_cron_without_secret_401" time="0.112" /><testcase classname="tests.test_iteration3.TestRegression" name="test_invoices_list" time="0.131" /><testcase classname="tests.test_iteration3.TestOverdueNudge" name="test_cron_wrong_secret_401" time="0.145" /><testcase classname="tests.test_iteration3.TestRegression" name="test_payments_list" time="0.117" /><testcase classname="tests.test_iteration3.TestOverdueNudge" name="test_cron_correct_secret_200" time="0.113" /><testcase classname="tests.test_iteration3.TestCollections" name="test_create_invoice_and_partial_payment" time="0.293"><failure message="AssertionError: {&quot;detail&quot;:[{&quot;type&quot;:&quot;missing&quot;,&quot;loc&quot;:[&quot;body&quot;,&quot;items&quot;,0,&quot;quantity&quot;],&quot;msg&quot;:&quot;Field required&quot;,&quot;input&quot;:{&quot;description&quot;:&quot;Cotton Box&quot;,&quot;hsn&quot;:&quot;4819&quot;,&quot;qty&quot;:2500,&quot;rate&quot;:16,&quot;gst_rate&quot;:18},&quot;url&quot;:&quot;https://errors.pydantic.dev/2.13/v/missing&quot;}]}&#10;assert 422 in (200, 201)&#10; +  where 422 = &lt;Response [422]&gt;.status_code">backend/tests/test_iteration3.py:81: in test_create_invoice_and_partial_payment
    assert r.status_code in (200, 201), r.text
E   AssertionError: {"detail":[{"type":"missing","loc":["body","items",0,"quantity"],"msg":"Field required","input":{"description":"Cotton Box","hsn":"4819","qty":2500,"rate":16,"gst_rate":18},"url":"https://errors.pydantic.dev/2.13/v/missing"}]}
E   assert 422 in (200, 201)
E    +  where 422 = &lt;Response [422]&gt;.status_code</failure></testcase><testcase classname="tests.test_iteration3.TestCollections" name="test_collections_endpoint" time="0.115"><failure message="AssertionError: expected 1 row for shop, got 0&#10;assert 0 == 1&#10; +  where 0 = len([])">backend/tests/test_iteration3.py:101: in test_collections_endpoint
    assert len(our) == 1, f"expected 1 row for shop, got {len(our)}"
E   AssertionError: expected 1 row for shop, got 0
E   assert 0 == 1
E    +  where 0 = len([])</failure></testcase><testcase classname="tests.test_iteration3.TestCollections" name="test_cleanup" time="0.000" /></testsuite></testsuites>