<?xml version="1.0" encoding="utf-8"?><testsuites name="pytest tests"><testsuite name="pytest" errors="0" failures="0" skipped="0" tests="16" time="2.892" timestamp="2026-09-12T05:28:08.001396+00:00" hostname="agent-env-2b653511-8a93-4287-a62a-46314a94a13a"><testcase classname="tests.backend_test.TestAuth" name="test_login_ok" time="0.674" /><testcase classname="tests.backend_test.TestShops" name="test_list_149_shops" time="0.683" /><testcase classname="tests.backend_test.TestAuth" name="test_login_bad_password" time="0.341" /><testcase classname="tests.backend_test.TestShops" name="test_shops_search" time="0.063" /><testcase classname="tests.backend_test.TestShops" name="test_shops_district_filter" time="0.269" /><testcase classname="tests.backend_test.TestAuth" name="test_me_requires_auth" time="0.182" /><testcase classname="tests.backend_test.TestShops" name="test_districts_list" time="0.062" /><testcase classname="tests.backend_test.TestShops" name="test_shop_crud" time="0.238" /><testcase classname="tests.backend_test.TestDashboard" name="test_dashboard" time="0.233" /><testcase classname="tests.backend_test.TestDashboard" name="test_waste_analytics" time="0.101" /><testcase classname="tests.backend_test.TestAuth" name="test_me_ok" time="0.581" /><testcase classname="tests.backend_test.TestSettings" name="test_get_settings" time="0.058" /><testcase classname="tests.backend_test.TestSettings" name="test_update_settings_persists" time="0.291" /><testcase classname="tests.backend_test.TestEntries" name="test_create_entry_waste_calc" time="0.233" /><testcase classname="tests.backend_test.TestInvoices" name="test_create_invoice_totals" time="0.315" /><testcase classname="tests.backend_test.TestEntries" name="test_entry_shop_not_found" time="0.104" /></testsuite></testsuites>